<?xml version="1.0" encoding="UTF-8"?>
<testsuites name="Payment" time="4" tests="0" failures="0" errors="1">
   <testsuite name="Payment" tests="0" failures="0" errors="1" time="4" timestamp="2020-01-23 09:59:46" hostname="prant - 172.17.4.139" id="Test Suites/InternetBanking/BRI Ceria/Payment">
      <properties>
         <property name="deviceName" value=""/>
         <property name="devicePlatform" value=""/>
         <property name="logFolder" value="/Users/prant/project/gateway-automatedtest/Gateway/Reports/InternetBanking/BRI Ceria/Payment/20200123_095944"/>
         <property name="logFiles" value="/Users/prant/project/gateway-automatedtest/Gateway/Reports/InternetBanking/BRI Ceria/Payment/20200123_095944/execution0.log"/>
         <property name="attachments" value=""/>
         <property name="hostName" value="prant - 172.17.4.139"/>
         <property name="hostAddress" value="172.17.4.139"/>
         <property name="os" value="Mac OS X 64bit"/>
         <property name="katalonVersion" value="7.2.2.1"/>
      </properties>
      <testcase name="Test Cases/InternetBanking/BRI Ceria/TC01-Payment" classname="Test Cases/InternetBanking/BRI Ceria/TC01-Payment" status="ERROR">
         <error type="ERROR" message="Test Cases/InternetBanking/BRI Ceria/TC01-Payment FAILED.
Reason:
org.codehaus.groovy.runtime.metaclass.MissingMethodExceptionNoStack: No signature of method: utils.Utils.generateSignatureBriCeria() is applicable for argument types: (java.lang.String) values: [8101|SUCCESS|82578cbff3b22159ee75489fb3e7432adc579289]
"/>
         <system-out><![CDATA[2020-01-23 09:59:47 - [TEST_CASE][ERROR] - Test Cases/InternetBanking/BRI Ceria/TC01-Payment: Test Cases/InternetBanking/BRI Ceria/TC01-Payment FAILED.
Reason:
org.codehaus.groovy.runtime.metaclass.MissingMethodExceptionNoStack: No signature of method: utils.Utils.generateSignatureBriCeria() is applicable for argument types: (java.lang.String) values: [8101|SUCCESS|82578cbff3b22159ee75489fb3e7432adc579289]


2020-01-23 09:59:48 - [TEST_STEP][PASSED] - containerEnv = System.getenv("CONTAINER_ENV"): null

2020-01-23 09:59:48 - [TEST_STEP][PASSED] - println("CONTAINER_DEV: " + containerEnv): null

2020-01-23 09:59:48 - [TEST_STEP][PASSED] - callTestCase(findTestCase("InternetBanking/tc-ServiceRequestPayment"), ["SERVICEID":SERVICEID, "ACQUIRERID":ACQUIRERID, "MALLID":MALLID, "CHAINMALLID":CHAINMALLID, "INVOICENUMBER":INVOICENUMBER, ... ], STOP_ON_FAILURE): Call Test Case 'Test Cases/InternetBanking/tc-ServiceRequestPayment' successfully

2020-01-23 09:59:48 - [TEST_CASE][PASSED] - Test Cases/InternetBanking/tc-ServiceRequestPayment: Test Cases/InternetBanking/tc-ServiceRequestPayment

2020-01-23 09:59:48 - [TEST_STEP][PASSED] - containerEnv = System.getenv("CONTAINER_ENV"): null

2020-01-23 09:59:48 - [TEST_STEP][PASSED] - println("CONTAINER_DEV: " + containerEnv): null

2020-01-23 09:59:48 - [TEST_STEP][PASSED] - paymentReq = findTestObject("InternetBanking/or-ServiceRequestPayment", ["SERVICEID":SERVICEID, "ACQUIRERID":ACQUIRERID, "MALLID":MALLID, "CHAINMALLID":CHAINMALLID, "INVOICENUMBER":INVOICENUMBER, ... ]): null

2020-01-23 09:59:48 - [TEST_STEP][PASSED] - response = sendRequest(paymentReq): Send request successfully

2020-01-23 09:59:50 - [MESSAGE][INFO] - HAR: /Users/prant/project/gateway-automatedtest/Gateway/Reports/InternetBanking/BRI Ceria/Payment/20200123_095944/requests/main/0.har

2020-01-23 09:59:50 - [MESSAGE][PASSED] - Send request successfully

2020-01-23 09:59:50 - [TEST_STEP][PASSED] - comment(response.getResponseBodyContent()): <MIBPaymentResponse>
  <mallId>1</mallId>
  <trxCode>82578cbff3b22159ee75489fb3e7432adc579289</trxCode>
  <auth1>085722915368</auth1>
  <invoiceNumber>a1VwBe6U1lyZqmF1</invoiceNumber>
  <amount>600000.00</amount>
  <currency>IDR</currency>
  <sessionId>gy7a9f79abt7f9af97tfd89afdafdsa</sessionId>
  <paymentDate>20200123165949</paymentDate>
  <result>REDIRECT</result>
  <approvalCode>5e290c8bfeb2bc5bd0ac11d6</approvalCode>
  <message>PLEASE REDIRECT TO redirectUrl FOR CONTINUE THE PAYMENT</message>
  <redirectUrl>http://ceria-payment-sandbox.bri.co.id:3001/simulation/5e290c8bfeb2bc5bd0ac11d6</redirectUrl>
  <redirectParameter/>
  <paymentSystrace>8101</paymentSystrace>
</MIBPaymentResponse>

2020-01-23 09:59:50 - [MESSAGE][INFO] - <MIBPaymentResponse>
  <mallId>1</mallId>
  <trxCode>82578cbff3b22159ee75489fb3e7432adc579289</trxCode>
  <auth1>085722915368</auth1>
  <invoiceNumber>a1VwBe6U1lyZqmF1</invoiceNumber>
  <amount>600000.00</amount>
  <currency>IDR</currency>
  <sessionId>gy7a9f79abt7f9af97tfd89afdafdsa</sessionId>
  <paymentDate>20200123165949</paymentDate>
  <result>REDIRECT</result>
  <approvalCode>5e290c8bfeb2bc5bd0ac11d6</approvalCode>
  <message>PLEASE REDIRECT TO redirectUrl FOR CONTINUE THE PAYMENT</message>
  <redirectUrl>http://ceria-payment-sandbox.bri.co.id:3001/simulation/5e290c8bfeb2bc5bd0ac11d6</redirectUrl>
  <redirectParameter/>
  <paymentSystrace>8101</paymentSystrace>
</MIBPaymentResponse>

2020-01-23 09:59:50 - [TEST_STEP][PASSED] - println(response.getStatusCode()): null

2020-01-23 09:59:50 - [TEST_STEP][PASSED] - G_responseServiceRequestPayment = "": null

2020-01-23 09:59:51 - [TEST_STEP][PASSED] - try: utils.Utils.getXmlPropertyValue is PASSED

2020-01-23 09:59:51 - [TEST_STEP][PASSED] - response.setContentType("text/xml"): null

2020-01-23 09:59:51 - [TEST_STEP][PASSED] - verifyElementText(response, "MIBPaymentResponse.mallId", MALLID): Verify element text successfully

2020-01-23 09:59:51 - [MESSAGE][PASSED] - Verify element text successfully

2020-01-23 09:59:51 - [TEST_STEP][PASSED] - G_responseServiceRequestPayment = response: null

2020-01-23 09:59:51 - [TEST_STEP][PASSED] - G_invoiceNumber = utils.Utils.getXmlPropertyValue(response, "invoiceNumber"): utils.Utils.getXmlPropertyValue is PASSED

2020-01-23 09:59:51 - [MESSAGE][PASSED] - utils.Utils.getXmlPropertyValue is PASSED

2020-01-23 09:59:51 - [TEST_STEP][PASSED] - G_trxCode = utils.Utils.getXmlPropertyValue(response, "trxCode"): utils.Utils.getXmlPropertyValue is PASSED

2020-01-23 09:59:51 - [MESSAGE][PASSED] - utils.Utils.getXmlPropertyValue is PASSED

2020-01-23 09:59:51 - [TEST_STEP][PASSED] - G_redirectUrl = utils.Utils.getXmlPropertyValue(response, "redirectUrl"): utils.Utils.getXmlPropertyValue is PASSED

2020-01-23 09:59:51 - [MESSAGE][PASSED] - utils.Utils.getXmlPropertyValue is PASSED

2020-01-23 09:59:51 - [TEST_STEP][PASSED] - G_paymentHostRefNumber = utils.Utils.getXmlPropertyValue(response, "paymentHostRefNumber"): utils.Utils.getXmlPropertyValue is PASSED

2020-01-23 09:59:51 - [MESSAGE][PASSED] - utils.Utils.getXmlPropertyValue is PASSED

2020-01-23 09:59:51 - [TEST_STEP][PASSED] - G_billReferenceNo = utils.Utils.getXmlPropertyValue(response, "paymentSystrace"): utils.Utils.getXmlPropertyValue is PASSED

2020-01-23 09:59:51 - [MESSAGE][PASSED] - utils.Utils.getXmlPropertyValue is PASSED

2020-01-23 09:59:51 - [MESSAGE][PASSED] - Call Test Case 'Test Cases/InternetBanking/tc-ServiceRequestPayment' successfully

2020-01-23 09:59:51 - [TEST_STEP][ERROR] - if (G_responseServiceRequestPayment != ""): if (G_responseServiceRequestPayment != "") FAILED.
Reason:
org.codehaus.groovy.runtime.metaclass.MissingMethodExceptionNoStack: No signature of method: utils.Utils.generateSignatureBriCeria() is applicable for argument types: (java.lang.String) values: [8101|SUCCESS|82578cbff3b22159ee75489fb3e7432adc579289]


2020-01-23 09:59:51 - [TEST_STEP][PASSED] - response = G_responseServiceRequestPayment: null

2020-01-23 09:59:51 - [TEST_STEP][PASSED] - wordsComponents = "": null

2020-01-23 09:59:51 - [TEST_STEP][PASSED] - if (toString().toUpperCase() == "EMPTY"): null

2020-01-23 09:59:51 - [TEST_STEP][PASSED] - else if (NOTIFYSTATUS == ""): null

2020-01-23 09:59:51 - [TEST_STEP][PASSED] - else: null

2020-01-23 09:59:51 - [TEST_STEP][PASSED] - wordsComponents = G_billReferenceNo + "|" + NOTIFYSTATUS.toString() + "|" + G_trxCode: null

2020-01-23 09:59:51 - [TEST_STEP][ERROR] - words = utils.Utils.generateSignatureBriCeria(wordsComponents): if (G_responseServiceRequestPayment != "") FAILED.
Reason:
org.codehaus.groovy.runtime.metaclass.MissingMethodExceptionNoStack: No signature of method: utils.Utils.generateSignatureBriCeria() is applicable for argument types: (java.lang.String) values: [8101|SUCCESS|82578cbff3b22159ee75489fb3e7432adc579289]


2020-01-23 09:59:51 - [MESSAGE][ERROR] - No signature of method: utils.Utils.generateSignatureBriCeria() is applicable for argument types: (java.lang.String) values: [8101|SUCCESS|82578cbff3b22159ee75489fb3e7432adc579289]

2020-01-23 09:59:51 - [MESSAGE][ERROR] - if (G_responseServiceRequestPayment != "") FAILED.
Reason:
org.codehaus.groovy.runtime.metaclass.MissingMethodExceptionNoStack: No signature of method: utils.Utils.generateSignatureBriCeria() is applicable for argument types: (java.lang.String) values: [8101|SUCCESS|82578cbff3b22159ee75489fb3e7432adc579289]]]></system-out>
         <system-err><![CDATA[2020-01-23 09:59:47 - [TEST_CASE][ERROR] - Test Cases/InternetBanking/BRI Ceria/TC01-Payment: Test Cases/InternetBanking/BRI Ceria/TC01-Payment FAILED.
Reason:
org.codehaus.groovy.runtime.metaclass.MissingMethodExceptionNoStack: No signature of method: utils.Utils.generateSignatureBriCeria() is applicable for argument types: (java.lang.String) values: [8101|SUCCESS|82578cbff3b22159ee75489fb3e7432adc579289]]]></system-err>
      </testcase>
      <system-out><![CDATA[2020-01-23 09:59:46 - [TEST_SUITE][ERROR] - Payment: Test Cases/InternetBanking/BRI Ceria/TC01-Payment FAILED.
Reason:
org.codehaus.groovy.runtime.metaclass.MissingMethodExceptionNoStack: No signature of method: utils.Utils.generateSignatureBriCeria() is applicable for argument types: (java.lang.String) values: [8101|SUCCESS|82578cbff3b22159ee75489fb3e7432adc579289]]]></system-out>
      <system-err><![CDATA[2020-01-23 09:59:46 - [TEST_SUITE][ERROR] - Payment: Test Cases/InternetBanking/BRI Ceria/TC01-Payment FAILED.
Reason:
org.codehaus.groovy.runtime.metaclass.MissingMethodExceptionNoStack: No signature of method: utils.Utils.generateSignatureBriCeria() is applicable for argument types: (java.lang.String) values: [8101|SUCCESS|82578cbff3b22159ee75489fb3e7432adc579289]]]></system-err>
   </testsuite>
</testsuites>
